<?xml version="1.0" encoding="UTF-8"?>
<!-- Generated by org.testng.reporters.JUnitReportReporter -->
<testsuite hostname="ayyildizs-MBP" failures="0" tests="2" name="ParalelExecution.Android.ParallelAndroidTestCalculator" time="76.475" errors="0" timestamp="2021-09-26T18:25:59 CEST" skipped="0">
  <testcase classname="ParalelExecution.Android.ParallelAndroidTestCalculator" name="test01" time="43.238"/>
  <testcase classname="ParalelExecution.Android.ParallelAndroidTestCalculator" name="test02" time="33.237"/>
</testsuite> <!-- ParalelExecution.Android.ParallelAndroidTestCalculator -->
